# JRE version: Java(TM) SE Runtime Environment (8.0_51-b16) (build 1.8.0_51-b16)
# Java VM: Java HotSpot(TM) 64-Bit Server VM (25.51-b03 mixed mode linux-amd64 compressed oops)
Heap:
 PSYoungGen      total 261120K, used 41163K [0x000000076cd00000, 0x000000077cf00000, 0x00000007c0000000)
  eden space 258048K, 15% used [0x000000076cd00000,0x000000076f46e5d8,0x000000077c900000)
  from space 3072K, 25% used [0x000000077cc00000,0x000000077ccc4840,0x000000077cf00000)
  to   space 3072K, 0% used [0x000000077c900000,0x000000077c900000,0x000000077cc00000)
 ParOldGen       total 171008K, used 1976K [0x00000006c6600000, 0x00000006d0d00000, 0x000000076cd00000)
  object space 171008K, 1% used [0x00000006c6600000,0x00000006c67ee288,0x00000006d0d00000)
 Metaspace       used 6009K, capacity 6254K, committed 6400K, reserved 1056768K
  class space    used 688K, capacity 753K, committed 768K, reserved 1048576K
GC Heap History (10 events):
Event: 13,005 GC heap before
{Heap before GC invocations=4 (full 0):
 PSYoungGen      total 74752K, used 66462K [0x000000076cd00000, 0x0000000772000000, 0x00000007c0000000)
  eden space 64512K, 99% used [0x000000076cd00000,0x0000000770bf9a28,0x0000000770c00000)
  from space 10240K, 19% used [0x0000000770c00000,0x0000000770dedf68,0x0000000771600000)
  to   space 10240K, 0% used [0x0000000771600000,0x0000000771600000,0x0000000772000000)
 ParOldGen       total 171008K, used 24K [0x00000006c6600000, 0x00000006d0d00000, 0x000000076cd00000)
  object space 171008K, 0% used [0x00000006c6600000,0x00000006c6606000,0x00000006d0d00000)
 Metaspace       used 5994K, capacity 6254K, committed 6400K, reserved 1056768K
  class space    used 687K, capacity 753K, committed 768K, reserved 1048576K
Event: 13,007 GC heap after
Heap after GC invocations=4 (full 0):
 PSYoungGen      total 74752K, used 2103K [0x000000076cd00000, 0x0000000772000000, 0x00000007c0000000)
  eden space 64512K, 0% used [0x000000076cd00000,0x000000076cd00000,0x0000000770c00000)
  from space 10240K, 20% used [0x0000000771600000,0x000000077180dc78,0x0000000772000000)
  to   space 10240K, 0% used [0x0000000770c00000,0x0000000770c00000,0x0000000771600000)
 ParOldGen       total 171008K, used 32K [0x00000006c6600000, 0x00000006d0d00000, 0x000000076cd00000)
  object space 171008K, 0% used [0x00000006c6600000,0x00000006c6608000,0x00000006d0d00000)
 Metaspace       used 5994K, capacity 6254K, committed 6400K, reserved 1056768K
  class space    used 687K, capacity 753K, committed 768K, reserved 1048576K
}
Event: 13,016 GC heap before
{Heap before GC invocations=5 (full 0):
 PSYoungGen      total 74752K, used 66505K [0x000000076cd00000, 0x0000000772000000, 0x00000007c0000000)
  eden space 64512K, 99% used [0x000000076cd00000,0x0000000770be4958,0x0000000770c00000)
  from space 10240K, 20% used [0x0000000771600000,0x000000077180dc78,0x0000000772000000)
  to   space 10240K, 0% used [0x0000000770c00000,0x0000000770c00000,0x0000000771600000)
 ParOldGen       total 171008K, used 32K [0x00000006c6600000, 0x00000006d0d00000, 0x000000076cd00000)
  object space 171008K, 0% used [0x00000006c6600000,0x00000006c6608000,0x00000006d0d00000)
 Metaspace       used 5994K, capacity 6254K, committed 6400K, reserved 1056768K
  class space    used 687K, capacity 753K, committed 768K, reserved 1048576K
Event: 13,018 GC heap after
Heap after GC invocations=5 (full 0):
 PSYoungGen      total 74752K, used 2384K [0x000000076cd00000, 0x0000000775000000, 0x00000007c0000000)
  eden space 64512K, 0% used [0x000000076cd00000,0x000000076cd00000,0x0000000770c00000)
  from space 10240K, 23% used [0x0000000770c00000,0x0000000770e54108,0x0000000771600000)
  to   space 2560K, 0% used [0x0000000774d80000,0x0000000774d80000,0x0000000775000000)
 ParOldGen       total 171008K, used 40K [0x00000006c6600000, 0x00000006d0d00000, 0x000000076cd00000)
  object space 171008K, 0% used [0x00000006c6600000,0x00000006c660a000,0x00000006d0d00000)
 Metaspace       used 5994K, capacity 6254K, committed 6400K, reserved 1056768K
  class space    used 687K, capacity 753K, committed 768K, reserved 1048576K
}
Event: 14,847 GC heap before
{Heap before GC invocations=6 (full 0):
 PSYoungGen      total 74752K, used 66896K [0x000000076cd00000, 0x0000000775000000, 0x00000007c0000000)
  eden space 64512K, 100% used [0x000000076cd00000,0x0000000770c00000,0x0000000770c00000)
  from space 10240K, 23% used [0x0000000770c00000,0x0000000770e54108,0x0000000771600000)
  to   space 2560K, 0% used [0x0000000774d80000,0x0000000774d80000,0x0000000775000000)
 ParOldGen       total 171008K, used 40K [0x00000006c6600000, 0x00000006d0d00000, 0x000000076cd00000)
  object space 171008K, 0% used [0x00000006c6600000,0x00000006c660a000,0x00000006d0d00000)
 Metaspace       used 5994K, capacity 6254K, committed 6400K, reserved 1056768K
  class space    used 687K, capacity 753K, committed 768K, reserved 1048576K
Event: 14,849 GC heap after
Heap after GC invocations=6 (full 0):
 PSYoungGen      total 131584K, used 2157K [0x000000076cd00000, 0x0000000775000000, 0x00000007c0000000)
  eden space 129024K, 0% used [0x000000076cd00000,0x000000076cd00000,0x0000000774b00000)
  from space 2560K, 84% used [0x0000000774d80000,0x0000000774f9b780,0x0000000775000000)
  to   space 2560K, 0% used [0x0000000774b00000,0x0000000774b00000,0x0000000774d80000)
 ParOldGen       total 171008K, used 40K [0x00000006c6600000, 0x00000006d0d00000, 0x000000076cd00000)
  object space 171008K, 0% used [0x00000006c6600000,0x00000006c660a000,0x00000006d0d00000)
 Metaspace       used 5994K, capacity 6254K, committed 6400K, reserved 1056768K
  class space    used 687K, capacity 753K, committed 768K, reserved 1048576K
}
Event: 14,868 GC heap before
{Heap before GC invocations=7 (full 0):
 PSYoungGen      total 131584K, used 131156K [0x000000076cd00000, 0x0000000775000000, 0x00000007c0000000)
  eden space 129024K, 99% used [0x000000076cd00000,0x0000000774af9b58,0x0000000774b00000)
  from space 2560K, 84% used [0x0000000774d80000,0x0000000774f9b780,0x0000000775000000)
  to   space 2560K, 0% used [0x0000000774b00000,0x0000000774b00000,0x0000000774d80000)
 ParOldGen       total 171008K, used 40K [0x00000006c6600000, 0x00000006d0d00000, 0x000000076cd00000)
  object space 171008K, 0% used [0x00000006c6600000,0x00000006c660a000,0x00000006d0d00000)
 Metaspace       used 5994K, capacity 6254K, committed 6400K, reserved 1056768K
  class space    used 687K, capacity 753K, committed 768K, reserved 1048576K
Event: 14,869 GC heap after
Heap after GC invocations=7 (full 0):
 PSYoungGen      total 131584K, used 900K [0x000000076cd00000, 0x000000077cf00000, 0x00000007c0000000)
  eden space 129024K, 0% used [0x000000076cd00000,0x000000076cd00000,0x0000000774b00000)
  from space 2560K, 35% used [0x0000000774b00000,0x0000000774be12e0,0x0000000774d80000)
  to   space 3072K, 0% used [0x000000077cc00000,0x000000077cc00000,0x000000077cf00000)
 ParOldGen       total 171008K, used 1729K [0x00000006c6600000, 0x00000006d0d00000, 0x000000076cd00000)
  object space 171008K, 1% used [0x00000006c6600000,0x00000006c67b07c0,0x00000006d0d00000)
 Metaspace       used 5994K, capacity 6254K, committed 6400K, reserved 1056768K
  class space    used 687K, capacity 753K, committed 768K, reserved 1048576K
}
Event: 14,897 GC heap before
{Heap before GC invocations=8 (full 0):
 PSYoungGen      total 131584K, used 129752K [0x000000076cd00000, 0x000000077cf00000, 0x00000007c0000000)
  eden space 129024K, 99% used [0x000000076cd00000,0x0000000774ad4d58,0x0000000774b00000)
  from space 2560K, 35% used [0x0000000774b00000,0x0000000774be12e0,0x0000000774d80000)
  to   space 3072K, 0% used [0x000000077cc00000,0x000000077cc00000,0x000000077cf00000)
 ParOldGen       total 171008K, used 1729K [0x00000006c6600000, 0x00000006d0d00000, 0x000000076cd00000)
  object space 171008K, 1% used [0x00000006c6600000,0x00000006c67b07c0,0x00000006d0d00000)
 Metaspace       used 5994K, capacity 6254K, committed 6400K, reserved 1056768K
  class space    used 687K, capacity 753K, committed 768K, reserved 1048576K
Event: 14,898 GC heap after
Heap after GC invocations=8 (full 0):
 PSYoungGen      total 261120K, used 786K [0x000000076cd00000, 0x000000077cf00000, 0x00000007c0000000)
  eden space 258048K, 0% used [0x000000076cd00000,0x000000076cd00000,0x000000077c900000)
  from space 3072K, 25% used [0x000000077cc00000,0x000000077ccc4840,0x000000077cf00000)
  to   space 3072K, 0% used [0x000000077c900000,0x000000077c900000,0x000000077cc00000)
 ParOldGen       total 171008K, used 1976K [0x00000006c6600000, 0x00000006d0d00000, 0x000000076cd00000)
  object space 171008K, 1% used [0x00000006c6600000,0x00000006c67ee288,0x00000006d0d00000)
 Metaspace       used 5994K, capacity 6254K, committed 6400K, reserved 1056768K
  class space    used 687K, capacity 753K, committed 768K, reserved 1048576K
}

